In file included from ../src/bufferutil.cc:15:
../../nan/nan.h:84:32: warning: 'BooleanValue' is deprecated: Use maybe version [-Wdeprecated-declarations]
      || optionsObj->Get(opt)->BooleanValue();
                               ^
/Users/barry/Library/Caches/node-gyp/11.4.0/include/node/v8.h:2568:3: note: 'BooleanValue' has been explicitly marked deprecated here
  V8_DEPRECATED("Use maybe version", bool BooleanValue() const);
  ^
/Users/barry/Library/Caches/node-gyp/11.4.0/include/node/v8config.h:326:29: note: expanded from macro 'V8_DEPRECATED'
  declarator __attribute__((deprecated(message)))
                            ^
In file included from ../src/bufferutil.cc:15:
../../nan/nan.h:88:32: warning: 'BooleanValue' is deprecated: Use maybe version [-Wdeprecated-declarations]
      && optionsObj->Get(opt)->BooleanValue();
                               ^
/Users/barry/Library/Caches/node-gyp/11.4.0/include/node/v8.h:2568:3: note: 'BooleanValue' has been explicitly marked deprecated here
  V8_DEPRECATED("Use maybe version", bool BooleanValue() const);
  ^
/Users/barry/Library/Caches/node-gyp/11.4.0/include/node/v8config.h:326:29: note: expanded from macro 'V8_DEPRECATED'
  declarator __attribute__((deprecated(message)))
                            ^
In file included from ../src/bufferutil.cc:15:
../../nan/nan.h:107:31: warning: 'Uint32Value' is deprecated: Use maybe version [-Wdeprecated-declarations]
      ? optionsObj->Get(opt)->Uint32Value()
                              ^
/Users/barry/Library/Caches/node-gyp/11.4.0/include/node/v8.h:2571:3: note: 'Uint32Value' has been explicitly marked deprecated here
  V8_DEPRECATED("Use maybe version", uint32_t Uint32Value() const);
  ^
/Users/barry/Library/Caches/node-gyp/11.4.0/include/node/v8config.h:326:29: note: expanded from macro 'V8_DEPRECATED'
  declarator __attribute__((deprecated(message)))
                            ^
In file included from ../src/bufferutil.cc:15:
../../nan/nan.h:120:25: error: redefinition of '_NanEnsureLocal'
NAN_INLINE v8::Local<T> _NanEnsureLocal(v8::Local<T> val) {
                        ^
../../nan/nan.h:115:25: note: previous definition is here
NAN_INLINE v8::Local<T> _NanEnsureLocal(v8::Handle<T> val) {
                        ^
../../nan/nan.h:207:68: error: too many arguments to function call, expected at most 2, have 4
    return v8::Signature::New(v8::Isolate::GetCurrent(), receiver, argc, argv);
           ~~~~~~~~~~~~~~~~~~                                      ^~~~~~~~~~
/Users/barry/Library/Caches/node-gyp/11.4.0/include/node/v8.h:6286:3: note: 'New' declared here
  static Local<Signature> New(
  ^
In file included from ../src/bufferutil.cc:15:
../../nan/nan.h:245:22: warning: 'New' is deprecated: Use maybe version. [-Wdeprecated-declarations]
    return v8::Date::New(v8::Isolate::GetCurrent(), time).As<v8::Date>();
                     ^
/Users/barry/Library/Caches/node-gyp/11.4.0/include/node/v8.h:5157:10: note: 'New' has been explicitly marked deprecated here
  static V8_DEPRECATED("Use maybe version.",
         ^
/Users/barry/Library/Caches/node-gyp/11.4.0/include/node/v8config.h:326:29: note: expanded from macro 'V8_DEPRECATED'
  declarator __attribute__((deprecated(message)))
                            ^
In file included from ../src/bufferutil.cc:15:
../../nan/nan.h:250:22: warning: 'New' is deprecated: Use maybe version. [-Wdeprecated-declarations]
    return v8::Date::New(v8::Isolate::GetCurrent(), time).As<v8::Date>();
                     ^
/Users/barry/Library/Caches/node-gyp/11.4.0/include/node/v8.h:5157:10: note: 'New' has been explicitly marked deprecated here
  static V8_DEPRECATED("Use maybe version.",
         ^
/Users/barry/Library/Caches/node-gyp/11.4.0/include/node/v8config.h:326:29: note: expanded from macro 'V8_DEPRECATED'
  declarator __attribute__((deprecated(message)))
                            ^
In file included from ../src/bufferutil.cc:15:
../../nan/nan.h:262:32: error: no member named 'CompileUnbound' in 'v8::ScriptCompiler'
    return v8::ScriptCompiler::CompileUnbound(
           ~~~~~~~~~~~~~~~~~~~~^
../../nan/nan.h:271:32: error: no member named 'CompileUnbound' in 'v8::ScriptCompiler'
    return v8::ScriptCompiler::CompileUnbound(
           ~~~~~~~~~~~~~~~~~~~~^
../../nan/nan.h:277:40: error: too few arguments to function call, expected 2, have 1
    return v8::BooleanObject::New(value).As<v8::BooleanObject>();
           ~~~~~~~~~~~~~~~~~~~~~~      ^
/Users/barry/Library/Caches/node-gyp/11.4.0/include/node/v8.h:5224:3: note: 'New' declared here
  static Local<Value> New(Isolate* isolate, bool value);
  ^
In file included from ../src/bufferutil.cc:15:
../../nan/nan.h:277:62: error: expected '(' for function-style cast or type construction
    return v8::BooleanObject::New(value).As<v8::BooleanObject>();
                                            ~~~~~~~~~~~~~~~~~^
../../nan/nan.h:277:64: error: expected expression
    return v8::BooleanObject::New(value).As<v8::BooleanObject>();
                                                               ^
../../nan/nan.h:284:30: warning: 'New' is deprecated: Use Isolate* version [-Wdeprecated-declarations]
    return v8::StringObject::New(value).As<v8::StringObject>();
                             ^
/Users/barry/Library/Caches/node-gyp/11.4.0/include/node/v8.h:5241:3: note: 'New' has been explicitly marked deprecated here
  V8_DEPRECATED("Use Isolate* version",
  ^
/Users/barry/Library/Caches/node-gyp/11.4.0/include/node/v8config.h:326:29: note: expanded from macro 'V8_DEPRECATED'
  declarator __attribute__((deprecated(message)))
                            ^
In file included from ../src/bufferutil.cc:15:
../../nan/nan.h:289:3: error: redefinition of 'NanNew'
  NanNew<v8::StringObject, v8::Handle<v8::String> >(
  ^
../../nan/nan.h:282:3: note: previous definition is here
  NanNew<v8::StringObject, v8::Local<v8::String> >(
  ^
../../nan/nan.h:291:30: warning: 'New' is deprecated: Use Isolate* version [-Wdeprecated-declarations]
    return v8::StringObject::New(value).As<v8::StringObject>();
                             ^
/Users/barry/Library/Caches/node-gyp/11.4.0/include/node/v8.h:5241:3: note: 'New' has been explicitly marked deprecated here
  V8_DEPRECATED("Use Isolate* version",
  ^
/Users/barry/Library/Caches/node-gyp/11.4.0/include/node/v8config.h:326:29: note: expanded from macro 'V8_DEPRECATED'
  declarator __attribute__((deprecated(message)))
                            ^
In file included from ../src/bufferutil.cc:15:
../../nan/nan.h:303:42: error: too few arguments to function call, expected 3, have 2
    return v8::RegExp::New(pattern, flags);
           ~~~~~~~~~~~~~~~               ^
/Users/barry/Library/Caches/node-gyp/11.4.0/include/node/v8.h:5298:3: note: 'New' declared here
  static V8_WARN_UNUSED_RESULT MaybeLocal<RegExp> New(Local<Context> context,
  ^
In file included from ../src/bufferutil.cc:15:
../../nan/nan.h:307:36: error: redefinition of 'NanNew'
  NAN_INLINE v8::Local<v8::RegExp> NanNew(
                                   ^
../../nan/nan.h:301:36: note: previous definition is here
  NAN_INLINE v8::Local<v8::RegExp> NanNew(
                                   ^
../../nan/nan.h:309:42: error: too few arguments to function call, expected 3, have 2
    return v8::RegExp::New(pattern, flags);
           ~~~~~~~~~~~~~~~               ^
/Users/barry/Library/Caches/node-gyp/11.4.0/include/node/v8.h:5298:3: note: 'New' declared here
  static V8_WARN_UNUSED_RESULT MaybeLocal<RegExp> New(Local<Context> context,
  ^
In file included from ../src/bufferutil.cc:15:
../../nan/nan.h:315:42: error: too few arguments to function call, expected 3, have 2
    return v8::RegExp::New(pattern, flags);
           ~~~~~~~~~~~~~~~               ^
/Users/barry/Library/Caches/node-gyp/11.4.0/include/node/v8.h:5298:3: note: 'New' declared here
  static V8_WARN_UNUSED_RESULT MaybeLocal<RegExp> New(Local<Context> context,
  ^
In file included from ../src/bufferutil.cc:15:
../../nan/nan.h:319:36: error: redefinition of 'NanNew'
  NAN_INLINE v8::Local<v8::RegExp> NanNew(
                                   ^
../../nan/nan.h:313:36: note: previous definition is here
  NAN_INLINE v8::Local<v8::RegExp> NanNew(
                                   ^
../../nan/nan.h:321:42: error: too few arguments to function call, expected 3, have 2
    return v8::RegExp::New(pattern, flags);
           ~~~~~~~~~~~~~~~               ^
/Users/barry/Library/Caches/node-gyp/11.4.0/include/node/v8.h:5298:3: note: 'New' declared here
  static V8_WARN_UNUSED_RESULT MaybeLocal<RegExp> New(Local<Context> context,
  ^
In file included from ../src/bufferutil.cc:15:
../../nan/nan.h:327:51: error: too few arguments to function call, single argument 'context' was not specified
        v8::Isolate::GetCurrent(), val)->ToUint32();
        ~~~~~~~~~~~~~~~~~~~~~~~~~~~~~~~~~~~~~~~~~ ^
/Users/barry/Library/Caches/node-gyp/11.4.0/include/node/v8.h:2529:3: note: 'ToUint32' declared here
  V8_WARN_UNUSED_RESULT MaybeLocal<Uint32> ToUint32(
  ^
/Users/barry/Library/Caches/node-gyp/11.4.0/include/node/v8config.h:418:31: note: expanded from macro 'V8_WARN_UNUSED_RESULT'
#define V8_WARN_UNUSED_RESULT __attribute__((warn_unused_result))
                              ^
In file included from ../src/bufferutil.cc:15:
../../nan/nan.h:333:51: error: too few arguments to function call, single argument 'context' was not specified
        v8::Isolate::GetCurrent(), val)->ToUint32();
        ~~~~~~~~~~~~~~~~~~~~~~~~~~~~~~~~~~~~~~~~~ ^
/Users/barry/Library/Caches/node-gyp/11.4.0/include/node/v8.h:2529:3: note: 'ToUint32' declared here
  V8_WARN_UNUSED_RESULT MaybeLocal<Uint32> ToUint32(
  ^
/Users/barry/Library/Caches/node-gyp/11.4.0/include/node/v8config.h:418:31: note: expanded from macro 'V8_WARN_UNUSED_RESULT'
#define V8_WARN_UNUSED_RESULT __attribute__((warn_unused_result))
                              ^
In file included from ../src/bufferutil.cc:15:
../../nan/nan.h:338:60: error: no matching member function for call to 'ToInt32'
    return v8::Int32::New(v8::Isolate::GetCurrent(), val)->ToInt32();
           ~~~~~~~~~~~~~~~~~~~~~~~~~~~~~~~~~~~~~~~~~~~~~~~~^~~~~~~
/Users/barry/Library/Caches/node-gyp/11.4.0/include/node/v8.h:2531:43: note: candidate function not viable: requires single argument 'context', but no arguments were provided
  V8_WARN_UNUSED_RESULT MaybeLocal<Int32> ToInt32(Local<Context> context) const;
                                          ^
/Users/barry/Library/Caches/node-gyp/11.4.0/include/node/v8.h:2544:30: note: candidate function not viable: requires single argument 'isolate', but no arguments were provided
                Local<Int32> ToInt32(Isolate* isolate) const);
                             ^
In file included from ../src/bufferutil.cc:15:
../../nan/nan.h:343:60: error: no matching member function for call to 'ToInt32'
    return v8::Int32::New(v8::Isolate::GetCurrent(), val)->ToInt32();
           ~~~~~~~~~~~~~~~~~~~~~~~~~~~~~~~~~~~~~~~~~~~~~~~~^~~~~~~
/Users/barry/Library/Caches/node-gyp/11.4.0/include/node/v8.h:2531:43: note: candidate function not viable: requires single argument 'context', but no arguments were provided
  V8_WARN_UNUSED_RESULT MaybeLocal<Int32> ToInt32(Local<Context> context) const;
                                          ^
/Users/barry/Library/Caches/node-gyp/11.4.0/include/node/v8.h:2544:30: note: candidate function not viable: requires single argument 'isolate', but no arguments were provided
                Local<Int32> ToInt32(Isolate* isolate) const);
                             ^
In file included from ../src/bufferutil.cc:15:
../../nan/nan.h:391:9: error: cannot initialize a parameter of type 'v8::NewStringType' with an rvalue of type 'v8::String::NewStringType'
      , v8::String::kNormalString
        ^~~~~~~~~~~~~~~~~~~~~~~~~
/Users/barry/Library/Caches/node-gyp/11.4.0/include/node/v8.h:2898:64: note: passing argument to parameter 'type' here
      Isolate* isolate, const uint8_t* data, v8::NewStringType type,
                                                               ^
fatal error: too many errors emitted, stopping now [-ferror-limit=]
7 warnings and 20 errors generated.
make: *** [Release/obj.target/bufferutil/src/bufferutil.o] Error 1
gyp ERR! build error 
gyp ERR! stack Error: `make` failed with exit code: 2
gyp ERR! stack     at ChildProcess.onExit (/usr/local/lib/node_modules/npm/node_modules/node-gyp/lib/build.js:194:23)
gyp ERR! stack     at ChildProcess.emit (events.js:189:13)
gyp ERR! stack     at Process.ChildProcess._handle.onexit (internal/child_process.js:254:12)
gyp ERR! System Darwin 19.4.0
gyp ERR! command "/usr/local/bin/node" "/usr/local/lib/node_modules/npm/node_modules/node-gyp/bin/node-gyp.js" "rebuild"
gyp ERR! cwd /Users/barry/data/projects/appengine-websocket-nodejs/node_modules/ws
gyp ERR! node -v v11.4.0
gyp ERR! node-gyp -v v5.1.0
gyp ERR! not ok 
